<?xml version="1.0" encoding="UTF-8"?>
<!-- Generated by org.testng.reporters.JUnitXMLReporter -->
<testsuite hostname="MyMacs-MBP-2.fios-router.home" name="Default test" tests="3" failures="0" timestamp="16 Jul 2020 01:05:29 GMT" time="41.399" errors="0">
  <testcase name="FinalPageVerify" time="0.014" classname="com.qa.verizonwireless.tests.FinalPageTest"/>
  <testcase name="VerifySelectedPhone" time="1.737" classname="com.qa.verizonwireless.tests.FinalPageTest"/>
  <testcase name="VerifySelectedPhoneOnChartTest" time="3.387" classname="com.qa.verizonwireless.tests.FinalPageTest"/>
</testsuite> <!-- Default test -->
